\BOOKMARK [1][]{section.1}{\376\377\000E\000s\000p\000a\000\347\000o\000s\000\040\000d\000e\000\040\000B\000a\000n\000a\000c\000h}{}% 1
\BOOKMARK [2][]{subsection.1.1}{\376\377\000T\000r\000a\000n\000s\000f\000o\000r\000m\000a\000\347\000\365\000e\000s\000\040\000l\000i\000n\000e\000a\000r\000e\000s}{section.1}% 2
\BOOKMARK [2][]{subsection.1.2}{\376\377\000N\000o\000r\000m\000a\000s\000\040\000e\000q\000u\000i\000v\000a\000l\000e\000n\000t\000e\000s}{section.1}% 3
\BOOKMARK [2][]{subsection.1.3}{\376\377\000E\000s\000p\000a\000\347\000o\000s\000\040\000d\000u\000a\000i\000s}{section.1}% 4
\BOOKMARK [2][]{subsection.1.4}{\376\377\000C\000o\000m\000p\000l\000e\000t\000a\000m\000e\000n\000t\000o\000s}{section.1}% 5
\BOOKMARK [2][]{subsection.1.5}{\376\377\000C\000a\000r\000d\000i\000n\000a\000l\000i\000d\000a\000d\000e\000s\000\040\000d\000e\000\040\000b\000a\000s\000e\000s\000\040\000d\000e\000\040\000H\000a\000m\000e\000l}{section.1}% 6
\BOOKMARK [1][]{section.2}{\376\377\000E\000s\000p\000a\000\347\000o\000s\000\040\000c\000o\000c\000i\000e\000n\000t\000e\000s}{}% 7
\BOOKMARK [1][]{section.3}{\376\377\000T\000e\000o\000r\000e\000m\000a\000\040\000d\000e\000\040\000H\000a\000h\000n\000-\000B\000a\000n\000a\000c\000h}{}% 8
\BOOKMARK [1][]{section.4}{\376\377\000R\000e\000f\000l\000e\000x\000i\000v\000i\000l\000i\000d\000a\000d\000e}{}% 9
\BOOKMARK [1][]{section.5}{\376\377\000T\000o\000p\000o\000l\000o\000g\000i\000a\000\040\000f\000r\000a\000c\000a\000\040\000e\000\040\000f\000r\000a\000c\000a\000*}{}% 10
\BOOKMARK [1][]{section.6}{\376\377\000F\000o\000r\000m\000a\000s\000\040\000g\000e\000o\000m\000e\000t\000r\000i\000c\000a\000s\000\040\000d\000e\000\040\000H\000a\000h\000n\000-\000B\000a\000n\000a\000c\000h}{}% 11
\BOOKMARK [1][]{section.7}{\376\377\000T\000e\000o\000r\000e\000m\000a\000\040\000d\000e\000\040\000B\000a\000n\000a\000c\000h\000-\000S\000t\000e\000i\000n\000h\000a\000u\000s}{}% 12
\BOOKMARK [1][]{section.8}{\376\377\000K\000r\000e\000i\000n\000-\000M\000i\000l\000m\000a\000n}{}% 13
\BOOKMARK [1][]{section.9}{\376\377\000T\000e\000o\000r\000e\000m\000a\000\040\000d\000a\000\040\000a\000p\000l\000i\000c\000a\000\347\000\343\000o\000\040\000a\000b\000e\000r\000t\000a}{}% 14
\BOOKMARK [1][]{section.10}{\376\377\000T\000e\000o\000r\000e\000m\000a\000\040\000d\000o\000\040\000g\000r\000\341\000f\000i\000c\000o\000\040\000f\000e\000c\000h\000a\000d\000o}{}% 15
\BOOKMARK [1][]{section.11}{\376\377\000E\000s\000p\000a\000\347\000o\000s\000\040\000c\000o\000m\000p\000l\000e\000m\000e\000n\000t\000a\000d\000o\000s}{}% 16
\BOOKMARK [1][]{section.12}{\376\377\000O\000p\000e\000r\000a\000d\000o\000r\000e\000s\000\040\000a\000d\000j\000u\000n\000t\000o\000s}{}% 17
\BOOKMARK [1][]{section.13}{\376\377\000U\000n\000i\000v\000e\000r\000s\000a\000l\000i\000d\000a\000d\000e}{}% 18
\BOOKMARK [1][]{section.14}{\376\377\000T\000e\000o\000r\000e\000m\000a\000\040\000d\000e\000\040\000r\000e\000p\000r\000e\000s\000e\000n\000t\000a\000\347\000\343\000o}{}% 19
\BOOKMARK [1][]{section.15}{\376\377\000T\000e\000o\000r\000e\000m\000a\000\040\000d\000e\000\040\000c\000o\000n\000v\000e\000x\000i\000d\000a\000d\000e\000\040\000d\000e\000\040\000L\000y\000a\000p\000u\000n\000o\000v}{}% 20
\BOOKMARK [1][]{section.16}{\376\377\000G\000r\000u\000p\000o\000s\000\040\000a\000m\000e\000n\000o\000s}{}% 21
\BOOKMARK [1][]{section.17}{\376\377\000E\000s\000p\000a\000\347\000o\000s\000\040\000d\000e\000\040\000H\000i\000l\000b\000e\000r\000t}{}% 22
\BOOKMARK [2][]{subsection.17.1}{\376\377\000D\000e\000s\000i\000g\000u\000a\000l\000d\000a\000d\000e\000\040\000d\000e\000\040\000B\000e\000s\000s\000e\000l}{section.17}% 23
\BOOKMARK [2][]{subsection.17.2}{\376\377\000I\000g\000u\000a\000l\000d\000a\000d\000e\000\040\000d\000e\000\040\000P\000a\000r\000s\000e\000v\000a\000l}{section.17}% 24
\BOOKMARK [2][]{subsection.17.3}{\376\377\000T\000e\000o\000r\000e\000m\000a\000\040\000d\000e\000\040\000r\000e\000p\000r\000e\000s\000e\000n\000t\000a\000\347\000\343\000o}{section.17}% 25
\BOOKMARK [2][]{subsection.17.4}{\376\377\000E\000x\000e\000m\000p\000l\000o\000\040\000e\000\040\000c\000o\000n\000j\000u\000n\000t\000o\000s\000\040\000o\000r\000t\000o\000n\000o\000r\000m\000a\000i\000s\000\040\000e\000m\000\040\000L\0002}{section.17}% 26
\BOOKMARK [2][]{subsection.17.5}{\376\377\000P\000r\000o\000j\000e\000\347\000\365\000e\000s\000\040\000e\000m\000\040\000e\000s\000p\000a\000\347\000o\000s\000\040\000d\000e\000\040\000H\000i\000l\000b\000e\000r\000t}{section.17}% 27
\BOOKMARK [1][]{section.18}{\376\377\000B\000a\000s\000e\000s\000\040\000d\000e\000\040\000S\000c\000h\000a\000u\000d\000e\000r}{}% 28
\BOOKMARK [2][]{subsection.18.1}{\376\377\000C\000o\000n\000s\000t\000r\000u\000i\000n\000d\000o\000\040\000s\000e\000q\000u\000\352\000n\000c\000i\000a\000s\000\040\000b\000a\000s\000i\000c\000a\000s}{section.18}% 29
\BOOKMARK [1][]{section.19}{\376\377\000T\000\351\000c\000n\000i\000c\000a\000\040\000d\000e\000\040\000d\000e\000s\000c\000o\000m\000p\000o\000s\000i\000\347\000\343\000o\000\040\000d\000e\000\040\000P\000e\001\102\000c\000y\001\104\000s\000k\000i}{}% 30
\BOOKMARK [1][]{section.20}{\376\377\000A\000l\000g\000e\000b\000r\000a\000s\000\040\000d\000e\000\040\000B\000a\000n\000a\000c\000h}{}% 31
\BOOKMARK [1][]{section.21}{\376\377\000T\000e\000o\000r\000i\000a\000\040\000e\000s\000p\000e\000c\000t\000r\000a\000l}{}% 32
\BOOKMARK [1][]{section.22}{\376\377\000E\000x\000p\000o\000n\000e\000n\000c\000i\000a\000l\000\040\000d\000e\000\040\000e\000l\000e\000m\000e\000n\000t\000o\000s\000\040\000e\000m\000\040\000\341\000l\000g\000e\000b\000r\000a\000s\000\040\000d\000e\000\040\000B\000a\000n\000a\000c\000h}{}% 33
\BOOKMARK [1][]{section.23}{\376\377\000T\000e\000o\000r\000e\000m\000a\000\040\000e\000s\000p\000e\000c\000t\000r\000a\000l\000\040\000p\000a\000r\000a\000\040\000o\000p\000e\000r\000a\000d\000o\000r\000e\000s\000\040\000c\000o\000m\000p\000a\000c\000t\000o\000s}{}% 34
\BOOKMARK [1][]{section.24}{\376\377\000T\000e\000o\000r\000e\000m\000a\000\040\000e\000s\000p\000e\000c\000t\000r\000a\000l\000\040\000p\000a\000r\000a\000\040\000o\000p\000e\000r\000a\000d\000o\000r\000e\000s\000\040\000c\000o\000m\000p\000a\000c\000t\000o\000s\000\040\000e\000\040\000a\000u\000t\000o\000a\000d\000j\000u\000n\000t\000o\000s}{}% 35
\BOOKMARK [1][]{section.25}{\376\377\000A\000s\000\040\000m\000e\000l\000h\000o\000r\000e\000s\000\040\000c\000o\000i\000s\000a\000s\000\040\000n\000a\000\040\000m\000a\000t\000e\000m\000\341\000t\000i\000c\000a}{}% 36
